Mahatma Gandhi

Kendrick Lamar

Tenoch Huerta

Lezlie Krug

Overlord

Winston Churchhill

Sergio

Batman

Winston Churchhill

Xavier Rodri

The Lion King

Arthur of Camelot

Simon Bolivar

Overlord

Tenoch Huerta

Ivan the Terrible
Navi the Fairy
John F. Kennedy
Emilio Boyko

Princess Peach

A Berenstein Bear
Bowser

!!!!!

Raven Baxter

Stephen Hawking

Artie Okamoto

Tenoch Huerta
Tom Williams

Shrek
Cookie Monster

Bryan

???

Princess Peach
Marilyn Monroe

Porco Rosso

Antonio Carlos Jobim

XYZ

Muhammad Ali

Bill Gates

Angeles Camper

John Lennon

Magaly Threadgill

Cherrie Doty

Stephen Hawking

Batman

Raven Baxter

Billie Jean King

Mahatma Gandhi
Martine Grayer

Davina Dill

Kendrick Lamar
Moctezuma II
Jodi Corns

Paris Hilton
Moctezuma II

Klingon 124

Yi Finley

Prince
Henry Ford
U2
Bowser

Yi Finley

Cookie Monster
Charles de Gaulle
Keenan Miner

Stephen Hawking

Emilio Boyko

Davina Dill

John Lennon

Leader Morty

Xavier Rodri

Magaly Threadgill

Andrew Drew

John Lennon

GlaDOS
Mao ZedongCarl Lewis
Roselio Abston
John Doe

Arthur of Camelot

